{"D:\\spegan\\index.js":{"path":"D:\\spegan\\index.js","s":{"1":1,"2":1,"3":1,"4":1,"5":1,"6":1,"7":1,"8":1,"9":1,"10":1,"11":1,"12":1,"13":1,"14":1,"15":1,"16":1,"17":1,"18":1,"19":1,"20":1,"21":1,"22":1,"23":0,"24":0,"25":0,"26":0,"27":1,"28":6,"29":6,"30":6,"31":6,"32":1,"33":1,"34":0,"35":1,"36":1,"37":1,"38":1,"39":1,"40":1,"41":1,"42":1},"b":{},"f":{"1":1,"2":0,"3":6,"4":1,"5":0,"6":1},"fnMap":{"1":{"name":"(anonymous_1)","line":1,"loc":{"start":{"line":1,"column":17},"end":{"line":1,"column":27}}},"2":{"name":"(anonymous_2)","line":33,"loc":{"start":{"line":33,"column":20},"end":{"line":33,"column":48}}},"3":{"name":"(anonymous_3)","line":50,"loc":{"start":{"line":50,"column":10},"end":{"line":50,"column":34}}},"4":{"name":"(anonymous_4)","line":59,"loc":{"start":{"line":59,"column":10},"end":{"line":59,"column":22}}},"5":{"name":"(anonymous_5)","line":62,"loc":{"start":{"line":62,"column":11},"end":{"line":62,"column":27}}},"6":{"name":"(anonymous_6)","line":77,"loc":{"start":{"line":77,"column":19},"end":{"line":77,"column":37}}}},"statementMap":{"1":{"start":{"line":1,"column":0},"end":{"line":87,"column":1}},"2":{"start":{"line":3,"column":1},"end":{"line":3,"column":34}},"3":{"start":{"line":4,"column":1},"end":{"line":4,"column":36}},"4":{"start":{"line":5,"column":1},"end":{"line":5,"column":38}},"5":{"start":{"line":6,"column":1},"end":{"line":6,"column":32}},"6":{"start":{"line":7,"column":1},"end":{"line":7,"column":45}},"7":{"start":{"line":8,"column":1},"end":{"line":8,"column":41}},"8":{"start":{"line":9,"column":1},"end":{"line":9,"column":42}},"9":{"start":{"line":10,"column":1},"end":{"line":10,"column":36}},"10":{"start":{"line":11,"column":1},"end":{"line":11,"column":56}},"11":{"start":{"line":12,"column":1},"end":{"line":12,"column":53}},"12":{"start":{"line":14,"column":1},"end":{"line":14,"column":21}},"13":{"start":{"line":16,"column":1},"end":{"line":16,"column":42}},"14":{"start":{"line":17,"column":1},"end":{"line":17,"column":47}},"15":{"start":{"line":20,"column":2},"end":{"line":20,"column":25}},"16":{"start":{"line":21,"column":2},"end":{"line":21,"column":26}},"17":{"start":{"line":22,"column":2},"end":{"line":22,"column":24}},"18":{"start":{"line":26,"column":2},"end":{"line":26,"column":76}},"19":{"start":{"line":27,"column":2},"end":{"line":27,"column":19}},"20":{"start":{"line":28,"column":2},"end":{"line":28,"column":33}},"21":{"start":{"line":29,"column":2},"end":{"line":29,"column":30}},"22":{"start":{"line":32,"column":2},"end":{"line":47,"column":6}},"23":{"start":{"line":34,"column":8},"end":{"line":36,"column":27}},"24":{"start":{"line":38,"column":6},"end":{"line":40,"column":7}},"25":{"start":{"line":39,"column":8},"end":{"line":39,"column":51}},"26":{"start":{"line":41,"column":6},"end":{"line":45,"column":8}},"27":{"start":{"line":50,"column":2},"end":{"line":55,"column":4}},"28":{"start":{"line":51,"column":3},"end":{"line":51,"column":53}},"29":{"start":{"line":52,"column":3},"end":{"line":52,"column":49}},"30":{"start":{"line":53,"column":3},"end":{"line":53,"column":41}},"31":{"start":{"line":54,"column":3},"end":{"line":54,"column":10}},"32":{"start":{"line":57,"column":2},"end":{"line":64,"column":7}},"33":{"start":{"line":60,"column":6},"end":{"line":60,"column":58}},"34":{"start":{"line":63,"column":6},"end":{"line":63,"column":66}},"35":{"start":{"line":67,"column":6},"end":{"line":67,"column":54}},"36":{"start":{"line":69,"column":6},"end":{"line":69,"column":58}},"37":{"start":{"line":70,"column":6},"end":{"line":70,"column":76}},"38":{"start":{"line":72,"column":6},"end":{"line":72,"column":35}},"39":{"start":{"line":73,"column":6},"end":{"line":73,"column":26}},"40":{"start":{"line":77,"column":6},"end":{"line":79,"column":8}},"41":{"start":{"line":78,"column":7},"end":{"line":78,"column":64}},"42":{"start":{"line":86,"column":0},"end":{"line":86,"column":11}}},"branchMap":{}},"D:\\spegan\\server\\models\\index.js":{"path":"D:\\spegan\\server\\models\\index.js","s":{"1":1,"2":1,"3":1,"4":1,"5":1,"6":1,"7":1,"8":1,"9":0,"10":1,"11":1,"12":3,"13":2,"14":2,"15":1,"16":2,"17":0,"18":1,"19":1,"20":1},"b":{"1":[1,1],"2":[0,1],"3":[3,3,2],"4":[0,2]},"f":{"1":3,"2":2,"3":2},"fnMap":{"1":{"name":"(anonymous_1)","line":23,"loc":{"start":{"line":23,"column":10},"end":{"line":23,"column":25}}},"2":{"name":"(anonymous_2)","line":26,"loc":{"start":{"line":26,"column":11},"end":{"line":26,"column":26}}},"3":{"name":"(anonymous_3)","line":31,"loc":{"start":{"line":31,"column":24},"end":{"line":31,"column":44}}}},"statementMap":{"1":{"start":{"line":3,"column":0},"end":{"line":3,"column":30}},"2":{"start":{"line":4,"column":0},"end":{"line":4,"column":32}},"3":{"start":{"line":5,"column":0},"end":{"line":5,"column":37}},"4":{"start":{"line":6,"column":0},"end":{"line":6,"column":47}},"5":{"start":{"line":7,"column":0},"end":{"line":7,"column":54}},"6":{"start":{"line":8,"column":0},"end":{"line":8,"column":62}},"7":{"start":{"line":10,"column":0},"end":{"line":10,"column":19}},"8":{"start":{"line":13,"column":0},"end":{"line":18,"column":1}},"9":{"start":{"line":14,"column":2},"end":{"line":14,"column":70}},"10":{"start":{"line":16,"column":2},"end":{"line":16,"column":52}},"11":{"start":{"line":21,"column":0},"end":{"line":29,"column":5}},"12":{"start":{"line":24,"column":4},"end":{"line":24,"column":90}},"13":{"start":{"line":27,"column":4},"end":{"line":27,"column":64}},"14":{"start":{"line":28,"column":4},"end":{"line":28,"column":27}},"15":{"start":{"line":31,"column":0},"end":{"line":35,"column":3}},"16":{"start":{"line":32,"column":2},"end":{"line":34,"column":3}},"17":{"start":{"line":33,"column":4},"end":{"line":33,"column":32}},"18":{"start":{"line":38,"column":0},"end":{"line":38,"column":25}},"19":{"start":{"line":39,"column":0},"end":{"line":39,"column":25}},"20":{"start":{"line":41,"column":0},"end":{"line":41,"column":20}}},"branchMap":{"1":{"line":7,"type":"binary-expr","locations":[{"start":{"line":7,"column":16},"end":{"line":7,"column":36}},{"start":{"line":7,"column":40},"end":{"line":7,"column":53}}]},"2":{"line":13,"type":"if","locations":[{"start":{"line":13,"column":0},"end":{"line":13,"column":0}},{"start":{"line":13,"column":0},"end":{"line":13,"column":0}}]},"3":{"line":24,"type":"binary-expr","locations":[{"start":{"line":24,"column":12},"end":{"line":24,"column":35}},{"start":{"line":24,"column":41},"end":{"line":24,"column":58}},{"start":{"line":24,"column":64},"end":{"line":24,"column":88}}]},"4":{"line":32,"type":"if","locations":[{"start":{"line":32,"column":2},"end":{"line":32,"column":2}},{"start":{"line":32,"column":2},"end":{"line":32,"column":2}}]}}},"D:\\spegan\\server\\config\\config.js":{"path":"D:\\spegan\\server\\config\\config.js","s":{"1":1},"b":{"1":[1,1]},"f":{},"fnMap":{},"statementMap":{"1":{"start":{"line":1,"column":0},"end":{"line":19,"column":2}}},"branchMap":{"1":{"line":15,"type":"binary-expr","locations":[{"start":{"line":15,"column":9},"end":{"line":15,"column":33}},{"start":{"line":15,"column":37},"end":{"line":15,"column":95}}]}}},"D:\\spegan\\server\\models\\company.js":{"path":"D:\\spegan\\server\\models\\company.js","s":{"1":1,"2":1,"3":1,"4":1,"5":0,"6":1},"b":{},"f":{"1":1,"2":0,"3":1,"4":0},"fnMap":{"1":{"name":"(anonymous_1)","line":18,"loc":{"start":{"line":18,"column":17},"end":{"line":18,"column":48}}},"2":{"name":"(anonymous_2)","line":32,"loc":{"start":{"line":32,"column":17},"end":{"line":32,"column":34}}},"3":{"name":"(anonymous_3)","line":43,"loc":{"start":{"line":43,"column":10},"end":{"line":43,"column":20}}},"4":{"name":"(anonymous_4)","line":46,"loc":{"start":{"line":46,"column":11},"end":{"line":46,"column":26}}}},"statementMap":{"1":{"start":{"line":18,"column":0},"end":{"line":51,"column":2}},"2":{"start":{"line":19,"column":2},"end":{"line":36,"column":5}},"3":{"start":{"line":38,"column":2},"end":{"line":48,"column":7}},"4":{"start":{"line":44,"column":6},"end":{"line":44,"column":41}},"5":{"start":{"line":47,"column":6},"end":{"line":47,"column":25}},"6":{"start":{"line":50,"column":2},"end":{"line":50,"column":17}}},"branchMap":{}},"D:\\spegan\\server\\models\\user.js":{"path":"D:\\spegan\\server\\models\\user.js","s":{"1":1,"2":1,"3":1,"4":1,"5":1,"6":1,"7":1,"8":0,"9":1,"10":1,"11":0,"12":0,"13":0,"14":0,"15":1,"16":0,"17":0,"18":1,"19":0,"20":0,"21":0,"22":0,"23":1,"24":0},"b":{"1":[0,0]},"f":{"1":1,"2":0,"3":1,"4":0,"5":0,"6":0,"7":0,"8":0,"9":0,"10":0,"11":0},"fnMap":{"1":{"name":"(anonymous_1)","line":21,"loc":{"start":{"line":21,"column":17},"end":{"line":21,"column":48}}},"2":{"name":"(anonymous_2)","line":36,"loc":{"start":{"line":36,"column":17},"end":{"line":36,"column":34}}},"3":{"name":"(anonymous_3)","line":47,"loc":{"start":{"line":47,"column":10},"end":{"line":47,"column":20}}},"4":{"name":"(anonymous_4)","line":50,"loc":{"start":{"line":50,"column":11},"end":{"line":50,"column":26}}},"5":{"name":"(anonymous_5)","line":58,"loc":{"start":{"line":58,"column":28},"end":{"line":58,"column":55}}},"6":{"name":"(anonymous_6)","line":59,"loc":{"start":{"line":59,"column":21},"end":{"line":59,"column":40}}},"7":{"name":"(anonymous_7)","line":60,"loc":{"start":{"line":60,"column":40},"end":{"line":60,"column":59}}},"8":{"name":"(anonymous_8)","line":67,"loc":{"start":{"line":67,"column":35},"end":{"line":67,"column":63}}},"9":{"name":"(anonymous_9)","line":71,"loc":{"start":{"line":71,"column":33},"end":{"line":71,"column":63}}},"10":{"name":"(anonymous_10)","line":72,"loc":{"start":{"line":72,"column":29},"end":{"line":72,"column":51}}},"11":{"name":"(anonymous_11)","line":78,"loc":{"start":{"line":78,"column":28},"end":{"line":78,"column":50}}}},"statementMap":{"1":{"start":{"line":1,"column":0},"end":{"line":1,"column":63}},"2":{"start":{"line":2,"column":0},"end":{"line":2,"column":40}},"3":{"start":{"line":4,"column":0},"end":{"line":4,"column":13}},"4":{"start":{"line":21,"column":0},"end":{"line":55,"column":2}},"5":{"start":{"line":22,"column":2},"end":{"line":40,"column":5}},"6":{"start":{"line":42,"column":2},"end":{"line":52,"column":7}},"7":{"start":{"line":48,"column":6},"end":{"line":48,"column":38}},"8":{"start":{"line":51,"column":6},"end":{"line":51,"column":25}},"9":{"start":{"line":54,"column":2},"end":{"line":54,"column":14}},"10":{"start":{"line":58,"column":0},"end":{"line":65,"column":1}},"11":{"start":{"line":59,"column":2},"end":{"line":64,"column":5}},"12":{"start":{"line":60,"column":4},"end":{"line":63,"column":7}},"13":{"start":{"line":61,"column":6},"end":{"line":61,"column":30}},"14":{"start":{"line":62,"column":6},"end":{"line":62,"column":29}},"15":{"start":{"line":67,"column":0},"end":{"line":70,"column":1}},"16":{"start":{"line":68,"column":2},"end":{"line":68,"column":35}},"17":{"start":{"line":69,"column":2},"end":{"line":69,"column":65}},"18":{"start":{"line":71,"column":0},"end":{"line":76,"column":1}},"19":{"start":{"line":72,"column":2},"end":{"line":75,"column":4}},"20":{"start":{"line":73,"column":4},"end":{"line":73,"column":22}},"21":{"start":{"line":73,"column":12},"end":{"line":73,"column":22}},"22":{"start":{"line":74,"column":4},"end":{"line":74,"column":28}},"23":{"start":{"line":78,"column":0},"end":{"line":80,"column":1}},"24":{"start":{"line":79,"column":2},"end":{"line":79,"column":30}}},"branchMap":{"1":{"line":73,"type":"if","locations":[{"start":{"line":73,"column":4},"end":{"line":73,"column":4}},{"start":{"line":73,"column":4},"end":{"line":73,"column":4}}]}}},"D:\\spegan\\server\\config\\passport.js":{"path":"D:\\spegan\\server\\config\\passport.js","s":{"1":1,"2":1,"3":1,"4":1,"5":0,"6":1,"7":0,"8":0,"9":1,"10":0,"11":0,"12":0,"13":0,"14":0,"15":0,"16":0,"17":0,"18":0,"19":0,"20":0,"21":0,"22":0,"23":1,"24":0,"25":0,"26":0,"27":0,"28":0,"29":0,"30":0,"31":0},"b":{"1":[0,0],"2":[0,0],"3":[0,0],"4":[0,0],"5":[0,0],"6":[0,0]},"f":{"1":1,"2":0,"3":0,"4":0,"5":0,"6":0,"7":0,"8":0,"9":0,"10":0},"fnMap":{"1":{"name":"(anonymous_1)","line":6,"loc":{"start":{"line":6,"column":17},"end":{"line":6,"column":36}}},"2":{"name":"(anonymous_2)","line":13,"loc":{"start":{"line":13,"column":27},"end":{"line":13,"column":48}}},"3":{"name":"(anonymous_3)","line":18,"loc":{"start":{"line":18,"column":29},"end":{"line":18,"column":48}}},"4":{"name":"(anonymous_4)","line":19,"loc":{"start":{"line":19,"column":26},"end":{"line":19,"column":46}}},"5":{"name":"(anonymous_5)","line":34,"loc":{"start":{"line":34,"column":4},"end":{"line":34,"column":44}}},"6":{"name":"(anonymous_6)","line":38,"loc":{"start":{"line":38,"column":25},"end":{"line":38,"column":36}}},"7":{"name":"(anonymous_7)","line":42,"loc":{"start":{"line":42,"column":55},"end":{"line":42,"column":75}}},"8":{"name":"(anonymous_8)","line":62,"loc":{"start":{"line":62,"column":29},"end":{"line":62,"column":43}}},"9":{"name":"(anonymous_9)","line":86,"loc":{"start":{"line":86,"column":4},"end":{"line":86,"column":44}}},"10":{"name":"(anonymous_10)","line":90,"loc":{"start":{"line":90,"column":55},"end":{"line":90,"column":75}}}},"statementMap":{"1":{"start":{"line":1,"column":0},"end":{"line":1,"column":55}},"2":{"start":{"line":3,"column":0},"end":{"line":3,"column":34}},"3":{"start":{"line":6,"column":0},"end":{"line":109,"column":2}},"4":{"start":{"line":13,"column":4},"end":{"line":15,"column":7}},"5":{"start":{"line":14,"column":8},"end":{"line":14,"column":28}},"6":{"start":{"line":18,"column":4},"end":{"line":22,"column":7}},"7":{"start":{"line":19,"column":8},"end":{"line":21,"column":11}},"8":{"start":{"line":20,"column":12},"end":{"line":20,"column":28}},"9":{"start":{"line":28,"column":4},"end":{"line":73,"column":8}},"10":{"start":{"line":38,"column":8},"end":{"line":71,"column":11}},"11":{"start":{"line":42,"column":8},"end":{"line":69,"column":11}},"12":{"start":{"line":44,"column":12},"end":{"line":45,"column":33}},"13":{"start":{"line":45,"column":16},"end":{"line":45,"column":33}},"14":{"start":{"line":48,"column":12},"end":{"line":67,"column":13}},"15":{"start":{"line":49,"column":16},"end":{"line":49,"column":104}},"16":{"start":{"line":54,"column":16},"end":{"line":54,"column":41}},"17":{"start":{"line":57,"column":16},"end":{"line":57,"column":50}},"18":{"start":{"line":58,"column":16},"end":{"line":58,"column":50}},"19":{"start":{"line":62,"column":16},"end":{"line":66,"column":19}},"20":{"start":{"line":63,"column":20},"end":{"line":64,"column":34}},"21":{"start":{"line":64,"column":24},"end":{"line":64,"column":34}},"22":{"start":{"line":65,"column":20},"end":{"line":65,"column":47}},"23":{"start":{"line":80,"column":4},"end":{"line":107,"column":8}},"24":{"start":{"line":90,"column":8},"end":{"line":105,"column":11}},"25":{"start":{"line":92,"column":12},"end":{"line":93,"column":33}},"26":{"start":{"line":93,"column":16},"end":{"line":93,"column":33}},"27":{"start":{"line":96,"column":12},"end":{"line":97,"column":86}},"28":{"start":{"line":97,"column":16},"end":{"line":97,"column":86}},"29":{"start":{"line":100,"column":12},"end":{"line":101,"column":93}},"30":{"start":{"line":101,"column":16},"end":{"line":101,"column":93}},"31":{"start":{"line":104,"column":12},"end":{"line":104,"column":36}}},"branchMap":{"1":{"line":44,"type":"if","locations":[{"start":{"line":44,"column":12},"end":{"line":44,"column":12}},{"start":{"line":44,"column":12},"end":{"line":44,"column":12}}]},"2":{"line":48,"type":"if","locations":[{"start":{"line":48,"column":12},"end":{"line":48,"column":12}},{"start":{"line":48,"column":12},"end":{"line":48,"column":12}}]},"3":{"line":63,"type":"if","locations":[{"start":{"line":63,"column":20},"end":{"line":63,"column":20}},{"start":{"line":63,"column":20},"end":{"line":63,"column":20}}]},"4":{"line":92,"type":"if","locations":[{"start":{"line":92,"column":12},"end":{"line":92,"column":12}},{"start":{"line":92,"column":12},"end":{"line":92,"column":12}}]},"5":{"line":96,"type":"if","locations":[{"start":{"line":96,"column":12},"end":{"line":96,"column":12}},{"start":{"line":96,"column":12},"end":{"line":96,"column":12}}]},"6":{"line":100,"type":"if","locations":[{"start":{"line":100,"column":12},"end":{"line":100,"column":12}},{"start":{"line":100,"column":12},"end":{"line":100,"column":12}}]}}},"D:\\spegan\\app\\routes\\api.js":{"path":"D:\\spegan\\app\\routes\\api.js","s":{"1":1,"2":1,"3":1,"4":1,"5":1,"6":1,"7":1,"8":1,"9":1,"10":1,"11":1,"12":1,"13":0,"14":1,"15":0,"16":0,"17":0,"18":1,"19":0,"20":0,"21":0,"22":1,"23":0,"24":0,"25":0,"26":1,"27":3,"28":3,"29":1,"30":2,"31":1,"32":1,"33":1,"34":0,"35":0,"36":1,"37":1,"38":0,"39":0,"40":0,"41":0,"42":0,"43":0,"44":0,"45":0,"46":0,"47":0,"48":0,"49":1,"50":0,"51":1,"52":0,"53":0,"54":1,"55":0,"56":1,"57":0,"58":0,"59":0,"60":0,"61":0,"62":0,"63":0,"64":0,"65":1,"66":0,"67":1,"68":0,"69":1},"b":{"1":[1,2],"2":[1,1],"3":[1,0],"4":[0,0],"5":[0,0],"6":[0,0],"7":[0,0],"8":[0,0,0],"9":[0,0],"10":[0,0]},"f":{"1":1,"2":1,"3":0,"4":0,"5":0,"6":0,"7":0,"8":0,"9":0,"10":0,"11":0,"12":0,"13":3,"14":3,"15":0,"16":0,"17":0,"18":0,"19":0,"20":0,"21":0,"22":0,"23":0,"24":0,"25":0},"fnMap":{"1":{"name":"createToken","line":12,"loc":{"start":{"line":12,"column":0},"end":{"line":12,"column":35}}},"2":{"name":"(anonymous_2)","line":27,"loc":{"start":{"line":27,"column":17},"end":{"line":27,"column":40}}},"3":{"name":"(anonymous_3)","line":31,"loc":{"start":{"line":31,"column":20},"end":{"line":31,"column":37}}},"4":{"name":"(anonymous_4)","line":35,"loc":{"start":{"line":35,"column":21},"end":{"line":35,"column":39}}},"5":{"name":"(anonymous_5)","line":38,"loc":{"start":{"line":38,"column":14},"end":{"line":38,"column":33}}},"6":{"name":"(anonymous_6)","line":44,"loc":{"start":{"line":44,"column":15},"end":{"line":44,"column":31}}},"7":{"name":"(anonymous_7)","line":50,"loc":{"start":{"line":50,"column":24},"end":{"line":50,"column":42}}},"8":{"name":"(anonymous_8)","line":57,"loc":{"start":{"line":57,"column":12},"end":{"line":57,"column":38}}},"9":{"name":"(anonymous_9)","line":60,"loc":{"start":{"line":60,"column":13},"end":{"line":60,"column":29}}},"10":{"name":"(anonymous_10)","line":66,"loc":{"start":{"line":66,"column":27},"end":{"line":66,"column":44}}},"11":{"name":"(anonymous_11)","line":73,"loc":{"start":{"line":73,"column":12},"end":{"line":73,"column":38}}},"12":{"name":"(anonymous_12)","line":76,"loc":{"start":{"line":76,"column":13},"end":{"line":76,"column":29}}},"13":{"name":"(anonymous_13)","line":82,"loc":{"start":{"line":82,"column":23},"end":{"line":82,"column":41}}},"14":{"name":"(anonymous_14)","line":85,"loc":{"start":{"line":85,"column":9},"end":{"line":85,"column":23}}},"15":{"name":"(anonymous_15)","line":118,"loc":{"start":{"line":118,"column":5},"end":{"line":118,"column":39}}},"16":{"name":"(anonymous_16)","line":120,"loc":{"start":{"line":120,"column":39},"end":{"line":120,"column":58}}},"17":{"name":"(anonymous_17)","line":124,"loc":{"start":{"line":124,"column":53},"end":{"line":124,"column":75}}},"18":{"name":"(anonymous_18)","line":135,"loc":{"start":{"line":135,"column":27},"end":{"line":135,"column":47}}},"19":{"name":"(anonymous_19)","line":139,"loc":{"start":{"line":139,"column":29},"end":{"line":139,"column":47}}},"20":{"name":"(anonymous_20)","line":140,"loc":{"start":{"line":140,"column":26},"end":{"line":140,"column":45}}},"21":{"name":"(anonymous_21)","line":147,"loc":{"start":{"line":147,"column":3},"end":{"line":147,"column":20}}},"22":{"name":"(anonymous_22)","line":151,"loc":{"start":{"line":151,"column":12},"end":{"line":151,"column":36}}},"23":{"name":"(anonymous_23)","line":155,"loc":{"start":{"line":155,"column":46},"end":{"line":155,"column":68}}},"24":{"name":"(anonymous_24)","line":168,"loc":{"start":{"line":168,"column":17},"end":{"line":168,"column":35}}},"25":{"name":"(anonymous_25)","line":173,"loc":{"start":{"line":173,"column":16},"end":{"line":173,"column":34}}}},"statementMap":{"1":{"start":{"line":1,"column":0},"end":{"line":1,"column":54}},"2":{"start":{"line":2,"column":0},"end":{"line":2,"column":48}},"3":{"start":{"line":3,"column":0},"end":{"line":3,"column":35}},"4":{"start":{"line":4,"column":0},"end":{"line":4,"column":55}},"5":{"start":{"line":6,"column":0},"end":{"line":6,"column":33}},"6":{"start":{"line":10,"column":0},"end":{"line":10,"column":43}},"7":{"start":{"line":12,"column":0},"end":{"line":25,"column":1}},"8":{"start":{"line":13,"column":1},"end":{"line":20,"column":13}},"9":{"start":{"line":24,"column":1},"end":{"line":24,"column":14}},"10":{"start":{"line":27,"column":0},"end":{"line":215,"column":1}},"11":{"start":{"line":29,"column":1},"end":{"line":29,"column":28}},"12":{"start":{"line":31,"column":1},"end":{"line":33,"column":4}},"13":{"start":{"line":32,"column":2},"end":{"line":32,"column":56}},"14":{"start":{"line":35,"column":1},"end":{"line":48,"column":4}},"15":{"start":{"line":36,"column":5},"end":{"line":46,"column":11}},"16":{"start":{"line":39,"column":10},"end":{"line":42,"column":27}},"17":{"start":{"line":45,"column":10},"end":{"line":45,"column":38}},"18":{"start":{"line":50,"column":1},"end":{"line":64,"column":4}},"19":{"start":{"line":52,"column":6},"end":{"line":62,"column":9}},"20":{"start":{"line":58,"column":8},"end":{"line":58,"column":45}},"21":{"start":{"line":61,"column":8},"end":{"line":61,"column":36}},"22":{"start":{"line":66,"column":1},"end":{"line":80,"column":4}},"23":{"start":{"line":68,"column":6},"end":{"line":78,"column":9}},"24":{"start":{"line":74,"column":8},"end":{"line":74,"column":45}},"25":{"start":{"line":77,"column":8},"end":{"line":77,"column":36}},"26":{"start":{"line":82,"column":4},"end":{"line":115,"column":4}},"27":{"start":{"line":83,"column":2},"end":{"line":114,"column":6}},"28":{"start":{"line":86,"column":4},"end":{"line":113,"column":5}},"29":{"start":{"line":87,"column":5},"end":{"line":88,"column":52}},"30":{"start":{"line":91,"column":5},"end":{"line":112,"column":6}},"31":{"start":{"line":92,"column":6},"end":{"line":108,"column":7}},"32":{"start":{"line":93,"column":7},"end":{"line":93,"column":37}},"33":{"start":{"line":94,"column":7},"end":{"line":99,"column":9}},"34":{"start":{"line":101,"column":7},"end":{"line":101,"column":37}},"35":{"start":{"line":102,"column":7},"end":{"line":107,"column":9}},"36":{"start":{"line":111,"column":6},"end":{"line":111,"column":79}},"37":{"start":{"line":117,"column":4},"end":{"line":133,"column":9}},"38":{"start":{"line":120,"column":6},"end":{"line":132,"column":8}},"39":{"start":{"line":121,"column":7},"end":{"line":121,"column":34}},"40":{"start":{"line":121,"column":15},"end":{"line":121,"column":32}},"41":{"start":{"line":122,"column":7},"end":{"line":122,"column":78}},"42":{"start":{"line":122,"column":18},"end":{"line":122,"column":76}},"43":{"start":{"line":124,"column":7},"end":{"line":131,"column":9}},"44":{"start":{"line":125,"column":8},"end":{"line":125,"column":28}},"45":{"start":{"line":125,"column":16},"end":{"line":125,"column":28}},"46":{"start":{"line":126,"column":8},"end":{"line":130,"column":9}},"47":{"start":{"line":127,"column":9},"end":{"line":127,"column":33}},"48":{"start":{"line":129,"column":9},"end":{"line":129,"column":65}},"49":{"start":{"line":135,"column":4},"end":{"line":137,"column":7}},"50":{"start":{"line":136,"column":5},"end":{"line":136,"column":25}},"51":{"start":{"line":139,"column":4},"end":{"line":143,"column":7}},"52":{"start":{"line":140,"column":5},"end":{"line":142,"column":8}},"53":{"start":{"line":141,"column":6},"end":{"line":141,"column":22}},"54":{"start":{"line":145,"column":1},"end":{"line":149,"column":5}},"55":{"start":{"line":148,"column":4},"end":{"line":148,"column":22}},"56":{"start":{"line":151,"column":4},"end":{"line":166,"column":7}},"57":{"start":{"line":152,"column":5},"end":{"line":152,"column":48}},"58":{"start":{"line":153,"column":5},"end":{"line":153,"column":87}},"59":{"start":{"line":154,"column":5},"end":{"line":165,"column":6}},"60":{"start":{"line":155,"column":6},"end":{"line":161,"column":9}},"61":{"start":{"line":156,"column":7},"end":{"line":160,"column":8}},"62":{"start":{"line":157,"column":8},"end":{"line":157,"column":89}},"63":{"start":{"line":159,"column":8},"end":{"line":159,"column":30}},"64":{"start":{"line":164,"column":6},"end":{"line":164,"column":77}},"65":{"start":{"line":168,"column":4},"end":{"line":170,"column":7}},"66":{"start":{"line":169,"column":5},"end":{"line":169,"column":23}},"67":{"start":{"line":173,"column":1},"end":{"line":175,"column":4}},"68":{"start":{"line":174,"column":2},"end":{"line":174,"column":23}},"69":{"start":{"line":213,"column":0},"end":{"line":213,"column":11}}},"branchMap":{"1":{"line":86,"type":"if","locations":[{"start":{"line":86,"column":4},"end":{"line":86,"column":4}},{"start":{"line":86,"column":4},"end":{"line":86,"column":4}}]},"2":{"line":91,"type":"if","locations":[{"start":{"line":91,"column":5},"end":{"line":91,"column":5}},{"start":{"line":91,"column":5},"end":{"line":91,"column":5}}]},"3":{"line":92,"type":"if","locations":[{"start":{"line":92,"column":6},"end":{"line":92,"column":6}},{"start":{"line":92,"column":6},"end":{"line":92,"column":6}}]},"4":{"line":121,"type":"if","locations":[{"start":{"line":121,"column":7},"end":{"line":121,"column":7}},{"start":{"line":121,"column":7},"end":{"line":121,"column":7}}]},"5":{"line":122,"type":"if","locations":[{"start":{"line":122,"column":7},"end":{"line":122,"column":7}},{"start":{"line":122,"column":7},"end":{"line":122,"column":7}}]},"6":{"line":125,"type":"if","locations":[{"start":{"line":125,"column":8},"end":{"line":125,"column":8}},{"start":{"line":125,"column":8},"end":{"line":125,"column":8}}]},"7":{"line":126,"type":"if","locations":[{"start":{"line":126,"column":8},"end":{"line":126,"column":8}},{"start":{"line":126,"column":8},"end":{"line":126,"column":8}}]},"8":{"line":153,"type":"binary-expr","locations":[{"start":{"line":153,"column":17},"end":{"line":153,"column":31}},{"start":{"line":153,"column":35},"end":{"line":153,"column":53}},{"start":{"line":153,"column":57},"end":{"line":153,"column":86}}]},"9":{"line":154,"type":"if","locations":[{"start":{"line":154,"column":5},"end":{"line":154,"column":5}},{"start":{"line":154,"column":5},"end":{"line":154,"column":5}}]},"10":{"line":156,"type":"if","locations":[{"start":{"line":156,"column":7},"end":{"line":156,"column":7}},{"start":{"line":156,"column":7},"end":{"line":156,"column":7}}]}}},"D:\\spegan\\app\\routes\\apicompanies.js":{"path":"D:\\spegan\\app\\routes\\apicompanies.js","s":{"1":1,"2":1,"3":1,"4":1,"5":1,"6":1,"7":0,"8":0,"9":0,"10":1,"11":2,"12":2,"13":0,"14":2,"15":0,"16":1,"17":0,"18":0,"19":0,"20":1,"21":0,"22":0,"23":0,"24":1,"25":0,"26":0,"27":0,"28":1},"b":{"1":[0,2]},"f":{"1":1,"2":0,"3":0,"4":0,"5":2,"6":2,"7":0,"8":0,"9":0,"10":0,"11":0,"12":0,"13":0,"14":0,"15":0,"16":0},"fnMap":{"1":{"name":"(anonymous_1)","line":5,"loc":{"start":{"line":5,"column":17},"end":{"line":5,"column":40}}},"2":{"name":"(anonymous_2)","line":9,"loc":{"start":{"line":9,"column":29},"end":{"line":9,"column":47}}},"3":{"name":"(anonymous_3)","line":11,"loc":{"start":{"line":11,"column":12},"end":{"line":11,"column":34}}},"4":{"name":"(anonymous_4)","line":18,"loc":{"start":{"line":18,"column":13},"end":{"line":18,"column":29}}},"5":{"name":"(anonymous_5)","line":23,"loc":{"start":{"line":23,"column":32},"end":{"line":23,"column":50}}},"6":{"name":"(anonymous_6)","line":25,"loc":{"start":{"line":25,"column":12},"end":{"line":25,"column":31}}},"7":{"name":"(anonymous_7)","line":32,"loc":{"start":{"line":32,"column":13},"end":{"line":32,"column":29}}},"8":{"name":"(anonymous_8)","line":39,"loc":{"start":{"line":39,"column":27},"end":{"line":39,"column":44}}},"9":{"name":"(anonymous_9)","line":41,"loc":{"start":{"line":41,"column":12},"end":{"line":41,"column":33}}},"10":{"name":"(anonymous_10)","line":44,"loc":{"start":{"line":44,"column":13},"end":{"line":44,"column":30}}},"11":{"name":"(anonymous_11)","line":49,"loc":{"start":{"line":49,"column":34},"end":{"line":49,"column":52}}},"12":{"name":"(anonymous_12)","line":55,"loc":{"start":{"line":55,"column":12},"end":{"line":55,"column":38}}},"13":{"name":"(anonymous_13)","line":58,"loc":{"start":{"line":58,"column":13},"end":{"line":58,"column":29}}},"14":{"name":"(anonymous_14)","line":64,"loc":{"start":{"line":64,"column":34},"end":{"line":64,"column":51}}},"15":{"name":"(anonymous_15)","line":70,"loc":{"start":{"line":70,"column":12},"end":{"line":70,"column":38}}},"16":{"name":"(anonymous_16)","line":73,"loc":{"start":{"line":73,"column":13},"end":{"line":73,"column":29}}}},"statementMap":{"1":{"start":{"line":1,"column":0},"end":{"line":1,"column":45}},"2":{"start":{"line":2,"column":0},"end":{"line":2,"column":54}},"3":{"start":{"line":3,"column":0},"end":{"line":3,"column":54}},"4":{"start":{"line":5,"column":0},"end":{"line":82,"column":1}},"5":{"start":{"line":7,"column":1},"end":{"line":7,"column":28}},"6":{"start":{"line":9,"column":2},"end":{"line":21,"column":4}},"7":{"start":{"line":10,"column":5},"end":{"line":20,"column":9}},"8":{"start":{"line":12,"column":10},"end":{"line":16,"column":12}},"9":{"start":{"line":19,"column":10},"end":{"line":19,"column":38}},"10":{"start":{"line":23,"column":2},"end":{"line":37,"column":4}},"11":{"start":{"line":24,"column":5},"end":{"line":36,"column":9}},"12":{"start":{"line":26,"column":10},"end":{"line":30,"column":11}},"13":{"start":{"line":27,"column":11},"end":{"line":27,"column":85}},"14":{"start":{"line":29,"column":11},"end":{"line":29,"column":80}},"15":{"start":{"line":33,"column":10},"end":{"line":35,"column":28}},"16":{"start":{"line":39,"column":1},"end":{"line":47,"column":7}},"17":{"start":{"line":40,"column":5},"end":{"line":46,"column":9}},"18":{"start":{"line":42,"column":10},"end":{"line":42,"column":42}},"19":{"start":{"line":45,"column":10},"end":{"line":45,"column":38}},"20":{"start":{"line":49,"column":4},"end":{"line":62,"column":4}},"21":{"start":{"line":50,"column":6},"end":{"line":60,"column":9}},"22":{"start":{"line":56,"column":8},"end":{"line":56,"column":45}},"23":{"start":{"line":59,"column":8},"end":{"line":59,"column":36}},"24":{"start":{"line":64,"column":1},"end":{"line":77,"column":4}},"25":{"start":{"line":65,"column":6},"end":{"line":75,"column":9}},"26":{"start":{"line":71,"column":8},"end":{"line":71,"column":45}},"27":{"start":{"line":74,"column":8},"end":{"line":74,"column":36}},"28":{"start":{"line":80,"column":0},"end":{"line":80,"column":11}}},"branchMap":{"1":{"line":26,"type":"if","locations":[{"start":{"line":26,"column":10},"end":{"line":26,"column":10}},{"start":{"line":26,"column":10},"end":{"line":26,"column":10}}]}}}}