{"D:\\spegan\\index.js":{"path":"D:\\spegan\\index.js","s":{"1":1,"2":1,"3":1,"4":1,"5":1,"6":1,"7":1,"8":1,"9":1,"10":1,"11":1,"12":1,"13":1,"14":1,"15":1,"16":1,"17":1,"18":1,"19":1,"20":1,"21":1,"22":1,"23":0,"24":0,"25":0,"26":0,"27":1,"28":6,"29":6,"30":6,"31":6,"32":1,"33":1,"34":0,"35":1,"36":1,"37":1,"38":1,"39":1,"40":1,"41":1,"42":1},"b":{},"f":{"1":1,"2":0,"3":6,"4":1,"5":0,"6":1},"fnMap":{"1":{"name":"(anonymous_1)","line":1,"loc":{"start":{"line":1,"column":17},"end":{"line":1,"column":27}}},"2":{"name":"(anonymous_2)","line":33,"loc":{"start":{"line":33,"column":20},"end":{"line":33,"column":48}}},"3":{"name":"(anonymous_3)","line":50,"loc":{"start":{"line":50,"column":10},"end":{"line":50,"column":34}}},"4":{"name":"(anonymous_4)","line":59,"loc":{"start":{"line":59,"column":10},"end":{"line":59,"column":22}}},"5":{"name":"(anonymous_5)","line":62,"loc":{"start":{"line":62,"column":11},"end":{"line":62,"column":27}}},"6":{"name":"(anonymous_6)","line":77,"loc":{"start":{"line":77,"column":19},"end":{"line":77,"column":37}}}},"statementMap":{"1":{"start":{"line":1,"column":0},"end":{"line":87,"column":1}},"2":{"start":{"line":3,"column":1},"end":{"line":3,"column":34}},"3":{"start":{"line":4,"column":1},"end":{"line":4,"column":36}},"4":{"start":{"line":5,"column":1},"end":{"line":5,"column":38}},"5":{"start":{"line":6,"column":1},"end":{"line":6,"column":32}},"6":{"start":{"line":7,"column":1},"end":{"line":7,"column":45}},"7":{"start":{"line":8,"column":1},"end":{"line":8,"column":41}},"8":{"start":{"line":9,"column":1},"end":{"line":9,"column":42}},"9":{"start":{"line":10,"column":1},"end":{"line":10,"column":36}},"10":{"start":{"line":11,"column":1},"end":{"line":11,"column":56}},"11":{"start":{"line":12,"column":1},"end":{"line":12,"column":53}},"12":{"start":{"line":14,"column":1},"end":{"line":14,"column":21}},"13":{"start":{"line":16,"column":1},"end":{"line":16,"column":42}},"14":{"start":{"line":17,"column":1},"end":{"line":17,"column":47}},"15":{"start":{"line":20,"column":2},"end":{"line":20,"column":25}},"16":{"start":{"line":21,"column":2},"end":{"line":21,"column":26}},"17":{"start":{"line":22,"column":2},"end":{"line":22,"column":24}},"18":{"start":{"line":26,"column":2},"end":{"line":26,"column":76}},"19":{"start":{"line":27,"column":2},"end":{"line":27,"column":19}},"20":{"start":{"line":28,"column":2},"end":{"line":28,"column":33}},"21":{"start":{"line":29,"column":2},"end":{"line":29,"column":30}},"22":{"start":{"line":32,"column":2},"end":{"line":47,"column":6}},"23":{"start":{"line":34,"column":8},"end":{"line":36,"column":27}},"24":{"start":{"line":38,"column":6},"end":{"line":40,"column":7}},"25":{"start":{"line":39,"column":8},"end":{"line":39,"column":51}},"26":{"start":{"line":41,"column":6},"end":{"line":45,"column":8}},"27":{"start":{"line":50,"column":2},"end":{"line":55,"column":4}},"28":{"start":{"line":51,"column":3},"end":{"line":51,"column":53}},"29":{"start":{"line":52,"column":3},"end":{"line":52,"column":49}},"30":{"start":{"line":53,"column":3},"end":{"line":53,"column":41}},"31":{"start":{"line":54,"column":3},"end":{"line":54,"column":10}},"32":{"start":{"line":57,"column":2},"end":{"line":64,"column":7}},"33":{"start":{"line":60,"column":6},"end":{"line":60,"column":58}},"34":{"start":{"line":63,"column":6},"end":{"line":63,"column":66}},"35":{"start":{"line":67,"column":6},"end":{"line":67,"column":54}},"36":{"start":{"line":69,"column":6},"end":{"line":69,"column":58}},"37":{"start":{"line":70,"column":6},"end":{"line":70,"column":76}},"38":{"start":{"line":72,"column":6},"end":{"line":72,"column":35}},"39":{"start":{"line":73,"column":6},"end":{"line":73,"column":26}},"40":{"start":{"line":77,"column":6},"end":{"line":79,"column":8}},"41":{"start":{"line":78,"column":7},"end":{"line":78,"column":64}},"42":{"start":{"line":86,"column":0},"end":{"line":86,"column":11}}},"branchMap":{}},"D:\\spegan\\server\\models\\index.js":{"path":"D:\\spegan\\server\\models\\index.js","s":{"1":1,"2":1,"3":1,"4":1,"5":1,"6":1,"7":1,"8":1,"9":0,"10":1,"11":1,"12":3,"13":2,"14":2,"15":1,"16":2,"17":0,"18":1,"19":1,"20":1},"b":{"1":[1,1],"2":[0,1],"3":[3,3,2],"4":[0,2]},"f":{"1":3,"2":2,"3":2},"fnMap":{"1":{"name":"(anonymous_1)","line":23,"loc":{"start":{"line":23,"column":10},"end":{"line":23,"column":25}}},"2":{"name":"(anonymous_2)","line":26,"loc":{"start":{"line":26,"column":11},"end":{"line":26,"column":26}}},"3":{"name":"(anonymous_3)","line":31,"loc":{"start":{"line":31,"column":24},"end":{"line":31,"column":44}}}},"statementMap":{"1":{"start":{"line":3,"column":0},"end":{"line":3,"column":30}},"2":{"start":{"line":4,"column":0},"end":{"line":4,"column":32}},"3":{"start":{"line":5,"column":0},"end":{"line":5,"column":37}},"4":{"start":{"line":6,"column":0},"end":{"line":6,"column":47}},"5":{"start":{"line":7,"column":0},"end":{"line":7,"column":54}},"6":{"start":{"line":8,"column":0},"end":{"line":8,"column":62}},"7":{"start":{"line":10,"column":0},"end":{"line":10,"column":19}},"8":{"start":{"line":13,"column":0},"end":{"line":18,"column":1}},"9":{"start":{"line":14,"column":2},"end":{"line":14,"column":70}},"10":{"start":{"line":16,"column":2},"end":{"line":16,"column":52}},"11":{"start":{"line":21,"column":0},"end":{"line":29,"column":5}},"12":{"start":{"line":24,"column":4},"end":{"line":24,"column":90}},"13":{"start":{"line":27,"column":4},"end":{"line":27,"column":64}},"14":{"start":{"line":28,"column":4},"end":{"line":28,"column":27}},"15":{"start":{"line":31,"column":0},"end":{"line":35,"column":3}},"16":{"start":{"line":32,"column":2},"end":{"line":34,"column":3}},"17":{"start":{"line":33,"column":4},"end":{"line":33,"column":32}},"18":{"start":{"line":38,"column":0},"end":{"line":38,"column":25}},"19":{"start":{"line":39,"column":0},"end":{"line":39,"column":25}},"20":{"start":{"line":41,"column":0},"end":{"line":41,"column":20}}},"branchMap":{"1":{"line":7,"type":"binary-expr","locations":[{"start":{"line":7,"column":16},"end":{"line":7,"column":36}},{"start":{"line":7,"column":40},"end":{"line":7,"column":53}}]},"2":{"line":13,"type":"if","locations":[{"start":{"line":13,"column":0},"end":{"line":13,"column":0}},{"start":{"line":13,"column":0},"end":{"line":13,"column":0}}]},"3":{"line":24,"type":"binary-expr","locations":[{"start":{"line":24,"column":12},"end":{"line":24,"column":35}},{"start":{"line":24,"column":41},"end":{"line":24,"column":58}},{"start":{"line":24,"column":64},"end":{"line":24,"column":88}}]},"4":{"line":32,"type":"if","locations":[{"start":{"line":32,"column":2},"end":{"line":32,"column":2}},{"start":{"line":32,"column":2},"end":{"line":32,"column":2}}]}}},"D:\\spegan\\server\\config\\config.js":{"path":"D:\\spegan\\server\\config\\config.js","s":{"1":1},"b":{"1":[1,1]},"f":{},"fnMap":{},"statementMap":{"1":{"start":{"line":1,"column":0},"end":{"line":19,"column":2}}},"branchMap":{"1":{"line":15,"type":"binary-expr","locations":[{"start":{"line":15,"column":9},"end":{"line":15,"column":33}},{"start":{"line":15,"column":37},"end":{"line":15,"column":95}}]}}},"D:\\spegan\\server\\models\\company.js":{"path":"D:\\spegan\\server\\models\\company.js","s":{"1":1,"2":1,"3":1,"4":1,"5":0,"6":1},"b":{},"f":{"1":1,"2":0,"3":1,"4":0},"fnMap":{"1":{"name":"(anonymous_1)","line":18,"loc":{"start":{"line":18,"column":17},"end":{"line":18,"column":48}}},"2":{"name":"(anonymous_2)","line":32,"loc":{"start":{"line":32,"column":17},"end":{"line":32,"column":34}}},"3":{"name":"(anonymous_3)","line":43,"loc":{"start":{"line":43,"column":10},"end":{"line":43,"column":20}}},"4":{"name":"(anonymous_4)","line":46,"loc":{"start":{"line":46,"column":11},"end":{"line":46,"column":26}}}},"statementMap":{"1":{"start":{"line":18,"column":0},"end":{"line":51,"column":2}},"2":{"start":{"line":19,"column":2},"end":{"line":36,"column":5}},"3":{"start":{"line":38,"column":2},"end":{"line":48,"column":7}},"4":{"start":{"line":44,"column":6},"end":{"line":44,"column":41}},"5":{"start":{"line":47,"column":6},"end":{"line":47,"column":25}},"6":{"start":{"line":50,"column":2},"end":{"line":50,"column":17}}},"branchMap":{}},"D:\\spegan\\server\\models\\user.js":{"path":"D:\\spegan\\server\\models\\user.js","s":{"1":1,"2":1,"3":1,"4":1,"5":1,"6":1,"7":1,"8":0,"9":1,"10":1,"11":0,"12":0,"13":0,"14":0,"15":1,"16":0,"17":0,"18":1,"19":0,"20":0,"21":0,"22":0,"23":1,"24":0},"b":{"1":[0,0]},"f":{"1":1,"2":0,"3":1,"4":0,"5":0,"6":0,"7":0,"8":0,"9":0,"10":0,"11":0},"fnMap":{"1":{"name":"(anonymous_1)","line":21,"loc":{"start":{"line":21,"column":17},"end":{"line":21,"column":48}}},"2":{"name":"(anonymous_2)","line":36,"loc":{"start":{"line":36,"column":17},"end":{"line":36,"column":34}}},"3":{"name":"(anonymous_3)","line":47,"loc":{"start":{"line":47,"column":10},"end":{"line":47,"column":20}}},"4":{"name":"(anonymous_4)","line":50,"loc":{"start":{"line":50,"column":11},"end":{"line":50,"column":26}}},"5":{"name":"(anonymous_5)","line":58,"loc":{"start":{"line":58,"column":28},"end":{"line":58,"column":55}}},"6":{"name":"(anonymous_6)","line":59,"loc":{"start":{"line":59,"column":21},"end":{"line":59,"column":40}}},"7":{"name":"(anonymous_7)","line":60,"loc":{"start":{"line":60,"column":40},"end":{"line":60,"column":59}}},"8":{"name":"(anonymous_8)","line":67,"loc":{"start":{"line":67,"column":35},"end":{"line":67,"column":63}}},"9":{"name":"(anonymous_9)","line":71,"loc":{"start":{"line":71,"column":33},"end":{"line":71,"column":63}}},"10":{"name":"(anonymous_10)","line":72,"loc":{"start":{"line":72,"column":29},"end":{"line":72,"column":51}}},"11":{"name":"(anonymous_11)","line":78,"loc":{"start":{"line":78,"column":28},"end":{"line":78,"column":50}}}},"statementMap":{"1":{"start":{"line":1,"column":0},"end":{"line":1,"column":63}},"2":{"start":{"line":2,"column":0},"end":{"line":2,"column":40}},"3":{"start":{"line":4,"column":0},"end":{"line":4,"column":13}},"4":{"start":{"line":21,"column":0},"end":{"line":55,"column":2}},"5":{"start":{"line":22,"column":2},"end":{"line":40,"column":5}},"6":{"start":{"line":42,"column":2},"end":{"line":52,"column":7}},"7":{"start":{"line":48,"column":6},"end":{"line":48,"column":38}},"8":{"start":{"line":51,"column":6},"end":{"line":51,"column":25}},"9":{"start":{"line":54,"column":2},"end":{"line":54,"column":14}},"10":{"start":{"line":58,"column":0},"end":{"line":65,"column":1}},"11":{"start":{"line":59,"column":2},"end":{"line":64,"column":5}},"12":{"start":{"line":60,"column":4},"end":{"line":63,"column":7}},"13":{"start":{"line":61,"column":6},"end":{"line":61,"column":30}},"14":{"start":{"line":62,"column":6},"end":{"line":62,"column":29}},"15":{"start":{"line":67,"column":0},"end":{"line":70,"column":1}},"16":{"start":{"line":68,"column":2},"end":{"line":68,"column":35}},"17":{"start":{"line":69,"column":2},"end":{"line":69,"column":65}},"18":{"start":{"line":71,"column":0},"end":{"line":76,"column":1}},"19":{"start":{"line":72,"column":2},"end":{"line":75,"column":4}},"20":{"start":{"line":73,"column":4},"end":{"line":73,"column":22}},"21":{"start":{"line":73,"column":12},"end":{"line":73,"column":22}},"22":{"start":{"line":74,"column":4},"end":{"line":74,"column":28}},"23":{"start":{"line":78,"column":0},"end":{"line":80,"column":1}},"24":{"start":{"line":79,"column":2},"end":{"line":79,"column":30}}},"branchMap":{"1":{"line":73,"type":"if","locations":[{"start":{"line":73,"column":4},"end":{"line":73,"column":4}},{"start":{"line":73,"column":4},"end":{"line":73,"column":4}}]}}},"D:\\spegan\\server\\config\\passport.js":{"path":"D:\\spegan\\server\\config\\passport.js","s":{"1":1,"2":1,"3":1,"4":1,"5":0,"6":1,"7":0,"8":0,"9":1,"10":0,"11":0,"12":0,"13":0,"14":0,"15":0,"16":0,"17":0,"18":0,"19":0,"20":0,"21":0,"22":0,"23":1,"24":0,"25":0,"26":0,"27":0,"28":0,"29":0,"30":0,"31":0},"b":{"1":[0,0],"2":[0,0],"3":[0,0],"4":[0,0],"5":[0,0],"6":[0,0]},"f":{"1":1,"2":0,"3":0,"4":0,"5":0,"6":0,"7":0,"8":0,"9":0,"10":0},"fnMap":{"1":{"name":"(anonymous_1)","line":6,"loc":{"start":{"line":6,"column":17},"end":{"line":6,"column":36}}},"2":{"name":"(anonymous_2)","line":13,"loc":{"start":{"line":13,"column":27},"end":{"line":13,"column":48}}},"3":{"name":"(anonymous_3)","line":18,"loc":{"start":{"line":18,"column":29},"end":{"line":18,"column":48}}},"4":{"name":"(anonymous_4)","line":19,"loc":{"start":{"line":19,"column":26},"end":{"line":19,"column":46}}},"5":{"name":"(anonymous_5)","line":34,"loc":{"start":{"line":34,"column":4},"end":{"line":34,"column":44}}},"6":{"name":"(anonymous_6)","line":38,"loc":{"start":{"line":38,"column":25},"end":{"line":38,"column":36}}},"7":{"name":"(anonymous_7)","line":42,"loc":{"start":{"line":42,"column":55},"end":{"line":42,"column":75}}},"8":{"name":"(anonymous_8)","line":62,"loc":{"start":{"line":62,"column":29},"end":{"line":62,"column":43}}},"9":{"name":"(anonymous_9)","line":86,"loc":{"start":{"line":86,"column":4},"end":{"line":86,"column":44}}},"10":{"name":"(anonymous_10)","line":90,"loc":{"start":{"line":90,"column":55},"end":{"line":90,"column":75}}}},"statementMap":{"1":{"start":{"line":1,"column":0},"end":{"line":1,"column":55}},"2":{"start":{"line":3,"column":0},"end":{"line":3,"column":34}},"3":{"start":{"line":6,"column":0},"end":{"line":109,"column":2}},"4":{"start":{"line":13,"column":4},"end":{"line":15,"column":7}},"5":{"start":{"line":14,"column":8},"end":{"line":14,"column":28}},"6":{"start":{"line":18,"column":4},"end":{"line":22,"column":7}},"7":{"start":{"line":19,"column":8},"end":{"line":21,"column":11}},"8":{"start":{"line":20,"column":12},"end":{"line":20,"column":28}},"9":{"start":{"line":28,"column":4},"end":{"line":73,"column":8}},"10":{"start":{"line":38,"column":8},"end":{"line":71,"column":11}},"11":{"start":{"line":42,"column":8},"end":{"line":69,"column":11}},"12":{"start":{"line":44,"column":12},"end":{"line":45,"column":33}},"13":{"start":{"line":45,"column":16},"end":{"line":45,"column":33}},"14":{"start":{"line":48,"column":12},"end":{"line":67,"column":13}},"15":{"start":{"line":49,"column":16},"end":{"line":49,"column":104}},"16":{"start":{"line":54,"column":16},"end":{"line":54,"column":41}},"17":{"start":{"line":57,"column":16},"end":{"line":57,"column":50}},"18":{"start":{"line":58,"column":16},"end":{"line":58,"column":50}},"19":{"start":{"line":62,"column":16},"end":{"line":66,"column":19}},"20":{"start":{"line":63,"column":20},"end":{"line":64,"column":34}},"21":{"start":{"line":64,"column":24},"end":{"line":64,"column":34}},"22":{"start":{"line":65,"column":20},"end":{"line":65,"column":47}},"23":{"start":{"line":80,"column":4},"end":{"line":107,"column":8}},"24":{"start":{"line":90,"column":8},"end":{"line":105,"column":11}},"25":{"start":{"line":92,"column":12},"end":{"line":93,"column":33}},"26":{"start":{"line":93,"column":16},"end":{"line":93,"column":33}},"27":{"start":{"line":96,"column":12},"end":{"line":97,"column":86}},"28":{"start":{"line":97,"column":16},"end":{"line":97,"column":86}},"29":{"start":{"line":100,"column":12},"end":{"line":101,"column":93}},"30":{"start":{"line":101,"column":16},"end":{"line":101,"column":93}},"31":{"start":{"line":104,"column":12},"end":{"line":104,"column":36}}},"branchMap":{"1":{"line":44,"type":"if","locations":[{"start":{"line":44,"column":12},"end":{"line":44,"column":12}},{"start":{"line":44,"column":12},"end":{"line":44,"column":12}}]},"2":{"line":48,"type":"if","locations":[{"start":{"line":48,"column":12},"end":{"line":48,"column":12}},{"start":{"line":48,"column":12},"end":{"line":48,"column":12}}]},"3":{"line":63,"type":"if","locations":[{"start":{"line":63,"column":20},"end":{"line":63,"column":20}},{"start":{"line":63,"column":20},"end":{"line":63,"column":20}}]},"4":{"line":92,"type":"if","locations":[{"start":{"line":92,"column":12},"end":{"line":92,"column":12}},{"start":{"line":92,"column":12},"end":{"line":92,"column":12}}]},"5":{"line":96,"type":"if","locations":[{"start":{"line":96,"column":12},"end":{"line":96,"column":12}},{"start":{"line":96,"column":12},"end":{"line":96,"column":12}}]},"6":{"line":100,"type":"if","locations":[{"start":{"line":100,"column":12},"end":{"line":100,"column":12}},{"start":{"line":100,"column":12},"end":{"line":100,"column":12}}]}}},"D:\\spegan\\app\\routes\\api.js":{"path":"D:\\spegan\\app\\routes\\api.js","s":{"1":1,"2":1,"3":1,"4":1,"5":1,"6":1,"7":1,"8":1,"9":1,"10":1,"11":1,"12":1,"13":0,"14":1,"15":0,"16":0,"17":0,"18":1,"19":3,"20":3,"21":1,"22":2,"23":1,"24":1,"25":1,"26":0,"27":0,"28":1,"29":1,"30":0,"31":1,"32":0,"33":1},"b":{"1":[1,2],"2":[1,1],"3":[1,0]},"f":{"1":1,"2":1,"3":0,"4":0,"5":0,"6":0,"7":3,"8":3,"9":0,"10":0},"fnMap":{"1":{"name":"createToken","line":12,"loc":{"start":{"line":12,"column":0},"end":{"line":12,"column":35}}},"2":{"name":"(anonymous_2)","line":27,"loc":{"start":{"line":27,"column":17},"end":{"line":27,"column":40}}},"3":{"name":"(anonymous_3)","line":31,"loc":{"start":{"line":31,"column":20},"end":{"line":31,"column":37}}},"4":{"name":"(anonymous_4)","line":35,"loc":{"start":{"line":35,"column":21},"end":{"line":35,"column":39}}},"5":{"name":"(anonymous_5)","line":38,"loc":{"start":{"line":38,"column":14},"end":{"line":38,"column":33}}},"6":{"name":"(anonymous_6)","line":44,"loc":{"start":{"line":44,"column":15},"end":{"line":44,"column":31}}},"7":{"name":"(anonymous_7)","line":49,"loc":{"start":{"line":49,"column":23},"end":{"line":49,"column":41}}},"8":{"name":"(anonymous_8)","line":52,"loc":{"start":{"line":52,"column":9},"end":{"line":52,"column":23}}},"9":{"name":"(anonymous_9)","line":135,"loc":{"start":{"line":135,"column":17},"end":{"line":135,"column":35}}},"10":{"name":"(anonymous_10)","line":140,"loc":{"start":{"line":140,"column":16},"end":{"line":140,"column":34}}}},"statementMap":{"1":{"start":{"line":1,"column":0},"end":{"line":1,"column":54}},"2":{"start":{"line":2,"column":0},"end":{"line":2,"column":48}},"3":{"start":{"line":3,"column":0},"end":{"line":3,"column":35}},"4":{"start":{"line":4,"column":0},"end":{"line":4,"column":55}},"5":{"start":{"line":6,"column":0},"end":{"line":6,"column":33}},"6":{"start":{"line":10,"column":0},"end":{"line":10,"column":43}},"7":{"start":{"line":12,"column":0},"end":{"line":25,"column":1}},"8":{"start":{"line":13,"column":1},"end":{"line":20,"column":13}},"9":{"start":{"line":24,"column":1},"end":{"line":24,"column":14}},"10":{"start":{"line":27,"column":0},"end":{"line":146,"column":1}},"11":{"start":{"line":29,"column":1},"end":{"line":29,"column":28}},"12":{"start":{"line":31,"column":1},"end":{"line":33,"column":4}},"13":{"start":{"line":32,"column":2},"end":{"line":32,"column":56}},"14":{"start":{"line":35,"column":1},"end":{"line":47,"column":4}},"15":{"start":{"line":36,"column":5},"end":{"line":46,"column":11}},"16":{"start":{"line":39,"column":10},"end":{"line":42,"column":27}},"17":{"start":{"line":45,"column":10},"end":{"line":45,"column":38}},"18":{"start":{"line":49,"column":4},"end":{"line":82,"column":4}},"19":{"start":{"line":50,"column":2},"end":{"line":81,"column":6}},"20":{"start":{"line":53,"column":4},"end":{"line":80,"column":5}},"21":{"start":{"line":54,"column":5},"end":{"line":55,"column":52}},"22":{"start":{"line":58,"column":5},"end":{"line":79,"column":6}},"23":{"start":{"line":59,"column":6},"end":{"line":75,"column":7}},"24":{"start":{"line":60,"column":7},"end":{"line":60,"column":37}},"25":{"start":{"line":61,"column":7},"end":{"line":66,"column":9}},"26":{"start":{"line":68,"column":7},"end":{"line":68,"column":37}},"27":{"start":{"line":69,"column":7},"end":{"line":74,"column":9}},"28":{"start":{"line":78,"column":6},"end":{"line":78,"column":79}},"29":{"start":{"line":135,"column":4},"end":{"line":137,"column":7}},"30":{"start":{"line":136,"column":5},"end":{"line":136,"column":23}},"31":{"start":{"line":140,"column":1},"end":{"line":142,"column":4}},"32":{"start":{"line":141,"column":2},"end":{"line":141,"column":23}},"33":{"start":{"line":144,"column":0},"end":{"line":144,"column":11}}},"branchMap":{"1":{"line":53,"type":"if","locations":[{"start":{"line":53,"column":4},"end":{"line":53,"column":4}},{"start":{"line":53,"column":4},"end":{"line":53,"column":4}}]},"2":{"line":58,"type":"if","locations":[{"start":{"line":58,"column":5},"end":{"line":58,"column":5}},{"start":{"line":58,"column":5},"end":{"line":58,"column":5}}]},"3":{"line":59,"type":"if","locations":[{"start":{"line":59,"column":6},"end":{"line":59,"column":6}},{"start":{"line":59,"column":6},"end":{"line":59,"column":6}}]}}},"D:\\spegan\\app\\routes\\apicompanies.js":{"path":"D:\\spegan\\app\\routes\\apicompanies.js","s":{"1":1,"2":1,"3":1,"4":1,"5":1,"6":1,"7":0,"8":0,"9":0,"10":1,"11":2,"12":2,"13":0,"14":2,"15":0,"16":1,"17":0,"18":0,"19":0,"20":1},"b":{"1":[0,2]},"f":{"1":1,"2":0,"3":0,"4":0,"5":2,"6":2,"7":0,"8":0,"9":0,"10":0},"fnMap":{"1":{"name":"(anonymous_1)","line":5,"loc":{"start":{"line":5,"column":17},"end":{"line":5,"column":40}}},"2":{"name":"(anonymous_2)","line":9,"loc":{"start":{"line":9,"column":29},"end":{"line":9,"column":47}}},"3":{"name":"(anonymous_3)","line":11,"loc":{"start":{"line":11,"column":12},"end":{"line":11,"column":34}}},"4":{"name":"(anonymous_4)","line":18,"loc":{"start":{"line":18,"column":13},"end":{"line":18,"column":29}}},"5":{"name":"(anonymous_5)","line":23,"loc":{"start":{"line":23,"column":32},"end":{"line":23,"column":50}}},"6":{"name":"(anonymous_6)","line":25,"loc":{"start":{"line":25,"column":12},"end":{"line":25,"column":31}}},"7":{"name":"(anonymous_7)","line":32,"loc":{"start":{"line":32,"column":13},"end":{"line":32,"column":29}}},"8":{"name":"(anonymous_8)","line":39,"loc":{"start":{"line":39,"column":27},"end":{"line":39,"column":44}}},"9":{"name":"(anonymous_9)","line":41,"loc":{"start":{"line":41,"column":12},"end":{"line":41,"column":33}}},"10":{"name":"(anonymous_10)","line":44,"loc":{"start":{"line":44,"column":13},"end":{"line":44,"column":30}}}},"statementMap":{"1":{"start":{"line":1,"column":0},"end":{"line":1,"column":45}},"2":{"start":{"line":2,"column":0},"end":{"line":2,"column":54}},"3":{"start":{"line":3,"column":0},"end":{"line":3,"column":54}},"4":{"start":{"line":5,"column":0},"end":{"line":80,"column":1}},"5":{"start":{"line":7,"column":1},"end":{"line":7,"column":28}},"6":{"start":{"line":9,"column":2},"end":{"line":21,"column":4}},"7":{"start":{"line":10,"column":5},"end":{"line":20,"column":9}},"8":{"start":{"line":12,"column":10},"end":{"line":16,"column":12}},"9":{"start":{"line":19,"column":10},"end":{"line":19,"column":38}},"10":{"start":{"line":23,"column":2},"end":{"line":37,"column":4}},"11":{"start":{"line":24,"column":5},"end":{"line":36,"column":9}},"12":{"start":{"line":26,"column":10},"end":{"line":30,"column":11}},"13":{"start":{"line":27,"column":11},"end":{"line":27,"column":85}},"14":{"start":{"line":29,"column":11},"end":{"line":29,"column":80}},"15":{"start":{"line":33,"column":10},"end":{"line":35,"column":28}},"16":{"start":{"line":39,"column":1},"end":{"line":47,"column":7}},"17":{"start":{"line":40,"column":5},"end":{"line":46,"column":9}},"18":{"start":{"line":42,"column":10},"end":{"line":42,"column":42}},"19":{"start":{"line":45,"column":10},"end":{"line":45,"column":38}},"20":{"start":{"line":78,"column":0},"end":{"line":78,"column":11}}},"branchMap":{"1":{"line":26,"type":"if","locations":[{"start":{"line":26,"column":10},"end":{"line":26,"column":10}},{"start":{"line":26,"column":10},"end":{"line":26,"column":10}}]}}}}