TN:
SF:D:\spegan\index.js
FN:1,(anonymous_1)
FN:33,(anonymous_2)
FN:50,(anonymous_3)
FN:59,(anonymous_4)
FN:62,(anonymous_5)
FN:77,(anonymous_6)
FNF:6
FNH:4
FNDA:1,(anonymous_1)
FNDA:0,(anonymous_2)
FNDA:6,(anonymous_3)
FNDA:1,(anonymous_4)
FNDA:0,(anonymous_5)
FNDA:1,(anonymous_6)
DA:1,1
DA:3,1
DA:4,1
DA:5,1
DA:6,1
DA:7,1
DA:8,1
DA:9,1
DA:10,1
DA:11,1
DA:12,1
DA:14,1
DA:16,1
DA:17,1
DA:20,1
DA:21,1
DA:22,1
DA:26,1
DA:27,1
DA:28,1
DA:29,1
DA:32,1
DA:34,0
DA:38,0
DA:39,0
DA:41,0
DA:50,1
DA:51,6
DA:52,6
DA:53,6
DA:54,6
DA:57,1
DA:60,1
DA:63,0
DA:67,1
DA:69,1
DA:70,1
DA:72,1
DA:73,1
DA:77,1
DA:78,1
DA:86,1
LF:42
LH:37
BRF:0
BRH:0
end_of_record
TN:
SF:D:\spegan\server\models\index.js
FN:23,(anonymous_1)
FN:26,(anonymous_2)
FN:31,(anonymous_3)
FNF:3
FNH:3
FNDA:3,(anonymous_1)
FNDA:2,(anonymous_2)
FNDA:2,(anonymous_3)
DA:3,1
DA:4,1
DA:5,1
DA:6,1
DA:7,1
DA:8,1
DA:10,1
DA:13,1
DA:14,0
DA:16,1
DA:21,1
DA:24,3
DA:27,2
DA:28,2
DA:31,1
DA:32,2
DA:33,0
DA:38,1
DA:39,1
DA:41,1
LF:20
LH:18
BRDA:7,1,0,1
BRDA:7,1,1,1
BRDA:13,2,0,0
BRDA:13,2,1,1
BRDA:24,3,0,3
BRDA:24,3,1,3
BRDA:24,3,2,2
BRDA:32,4,0,0
BRDA:32,4,1,2
BRF:9
BRH:7
end_of_record
TN:
SF:D:\spegan\server\config\config.js
FNF:0
FNH:0
DA:1,1
LF:1
LH:1
BRDA:15,1,0,1
BRDA:15,1,1,1
BRF:2
BRH:2
end_of_record
TN:
SF:D:\spegan\server\models\company.js
FN:18,(anonymous_1)
FN:32,(anonymous_2)
FN:43,(anonymous_3)
FN:46,(anonymous_4)
FNF:4
FNH:2
FNDA:1,(anonymous_1)
FNDA:0,(anonymous_2)
FNDA:1,(anonymous_3)
FNDA:0,(anonymous_4)
DA:18,1
DA:19,1
DA:38,1
DA:44,1
DA:47,0
DA:50,1
LF:6
LH:5
BRF:0
BRH:0
end_of_record
TN:
SF:D:\spegan\server\models\user.js
FN:21,(anonymous_1)
FN:36,(anonymous_2)
FN:47,(anonymous_3)
FN:50,(anonymous_4)
FN:58,(anonymous_5)
FN:59,(anonymous_6)
FN:60,(anonymous_7)
FN:67,(anonymous_8)
FN:71,(anonymous_9)
FN:72,(anonymous_10)
FN:78,(anonymous_11)
FNF:11
FNH:2
FNDA:1,(anonymous_1)
FNDA:0,(anonymous_2)
FNDA:1,(anonymous_3)
FNDA:0,(anonymous_4)
FNDA:0,(anonymous_5)
FNDA:0,(anonymous_6)
FNDA:0,(anonymous_7)
FNDA:0,(anonymous_8)
FNDA:0,(anonymous_9)
FNDA:0,(anonymous_10)
FNDA:0,(anonymous_11)
DA:1,1
DA:2,1
DA:4,1
DA:21,1
DA:22,1
DA:42,1
DA:48,1
DA:51,0
DA:54,1
DA:58,1
DA:59,0
DA:60,0
DA:61,0
DA:62,0
DA:67,1
DA:68,0
DA:69,0
DA:71,1
DA:72,0
DA:73,0
DA:74,0
DA:78,1
DA:79,0
LF:23
LH:12
BRDA:73,1,0,0
BRDA:73,1,1,0
BRF:2
BRH:0
end_of_record
TN:
SF:D:\spegan\server\config\passport.js
FN:6,(anonymous_1)
FN:13,(anonymous_2)
FN:18,(anonymous_3)
FN:19,(anonymous_4)
FN:34,(anonymous_5)
FN:38,(anonymous_6)
FN:42,(anonymous_7)
FN:62,(anonymous_8)
FN:86,(anonymous_9)
FN:90,(anonymous_10)
FNF:10
FNH:1
FNDA:1,(anonymous_1)
FNDA:0,(anonymous_2)
FNDA:0,(anonymous_3)
FNDA:0,(anonymous_4)
FNDA:0,(anonymous_5)
FNDA:0,(anonymous_6)
FNDA:0,(anonymous_7)
FNDA:0,(anonymous_8)
FNDA:0,(anonymous_9)
FNDA:0,(anonymous_10)
DA:1,1
DA:3,1
DA:6,1
DA:13,1
DA:14,0
DA:18,1
DA:19,0
DA:20,0
DA:28,1
DA:38,0
DA:42,0
DA:44,0
DA:45,0
DA:48,0
DA:49,0
DA:54,0
DA:57,0
DA:58,0
DA:62,0
DA:63,0
DA:64,0
DA:65,0
DA:80,1
DA:90,0
DA:92,0
DA:93,0
DA:96,0
DA:97,0
DA:100,0
DA:101,0
DA:104,0
LF:31
LH:7
BRDA:44,1,0,0
BRDA:44,1,1,0
BRDA:48,2,0,0
BRDA:48,2,1,0
BRDA:63,3,0,0
BRDA:63,3,1,0
BRDA:92,4,0,0
BRDA:92,4,1,0
BRDA:96,5,0,0
BRDA:96,5,1,0
BRDA:100,6,0,0
BRDA:100,6,1,0
BRF:12
BRH:0
end_of_record
TN:
SF:D:\spegan\app\routes\api.js
FN:12,createToken
FN:27,(anonymous_2)
FN:31,(anonymous_3)
FN:35,(anonymous_4)
FN:38,(anonymous_5)
FN:44,(anonymous_6)
FN:50,(anonymous_7)
FN:57,(anonymous_8)
FN:60,(anonymous_9)
FN:66,(anonymous_10)
FN:73,(anonymous_11)
FN:76,(anonymous_12)
FN:82,(anonymous_13)
FN:85,(anonymous_14)
FN:118,(anonymous_15)
FN:120,(anonymous_16)
FN:124,(anonymous_17)
FN:135,(anonymous_18)
FN:139,(anonymous_19)
FN:140,(anonymous_20)
FN:147,(anonymous_21)
FN:151,(anonymous_22)
FN:155,(anonymous_23)
FN:168,(anonymous_24)
FN:173,(anonymous_25)
FNF:25
FNH:4
FNDA:1,createToken
FNDA:1,(anonymous_2)
FNDA:0,(anonymous_3)
FNDA:0,(anonymous_4)
FNDA:0,(anonymous_5)
FNDA:0,(anonymous_6)
FNDA:0,(anonymous_7)
FNDA:0,(anonymous_8)
FNDA:0,(anonymous_9)
FNDA:0,(anonymous_10)
FNDA:0,(anonymous_11)
FNDA:0,(anonymous_12)
FNDA:3,(anonymous_13)
FNDA:3,(anonymous_14)
FNDA:0,(anonymous_15)
FNDA:0,(anonymous_16)
FNDA:0,(anonymous_17)
FNDA:0,(anonymous_18)
FNDA:0,(anonymous_19)
FNDA:0,(anonymous_20)
FNDA:0,(anonymous_21)
FNDA:0,(anonymous_22)
FNDA:0,(anonymous_23)
FNDA:0,(anonymous_24)
FNDA:0,(anonymous_25)
DA:1,1
DA:2,1
DA:3,1
DA:4,1
DA:6,1
DA:10,1
DA:12,1
DA:13,1
DA:24,1
DA:27,1
DA:29,1
DA:31,1
DA:32,0
DA:35,1
DA:36,0
DA:39,0
DA:45,0
DA:50,1
DA:52,0
DA:58,0
DA:61,0
DA:66,1
DA:68,0
DA:74,0
DA:77,0
DA:82,1
DA:83,3
DA:86,3
DA:87,1
DA:91,2
DA:92,1
DA:93,1
DA:94,1
DA:101,0
DA:102,0
DA:111,1
DA:117,1
DA:120,0
DA:121,0
DA:122,0
DA:124,0
DA:125,0
DA:126,0
DA:127,0
DA:129,0
DA:135,1
DA:136,0
DA:139,1
DA:140,0
DA:141,0
DA:145,1
DA:148,0
DA:151,1
DA:152,0
DA:153,0
DA:154,0
DA:155,0
DA:156,0
DA:157,0
DA:159,0
DA:164,0
DA:168,1
DA:169,0
DA:173,1
DA:174,0
DA:213,1
LF:66
LH:32
BRDA:86,1,0,1
BRDA:86,1,1,2
BRDA:91,2,0,1
BRDA:91,2,1,1
BRDA:92,3,0,1
BRDA:92,3,1,0
BRDA:121,4,0,0
BRDA:121,4,1,0
BRDA:122,5,0,0
BRDA:122,5,1,0
BRDA:125,6,0,0
BRDA:125,6,1,0
BRDA:126,7,0,0
BRDA:126,7,1,0
BRDA:153,8,0,0
BRDA:153,8,1,0
BRDA:153,8,2,0
BRDA:154,9,0,0
BRDA:154,9,1,0
BRDA:156,10,0,0
BRDA:156,10,1,0
BRF:21
BRH:5
end_of_record
TN:
SF:D:\spegan\app\routes\apicompanies.js
FN:5,(anonymous_1)
FN:9,(anonymous_2)
FN:11,(anonymous_3)
FN:18,(anonymous_4)
FN:23,(anonymous_5)
FN:25,(anonymous_6)
FN:32,(anonymous_7)
FN:39,(anonymous_8)
FN:41,(anonymous_9)
FN:44,(anonymous_10)
FN:49,(anonymous_11)
FN:55,(anonymous_12)
FN:58,(anonymous_13)
FN:64,(anonymous_14)
FN:70,(anonymous_15)
FN:73,(anonymous_16)
FNF:16
FNH:3
FNDA:1,(anonymous_1)
FNDA:0,(anonymous_2)
FNDA:0,(anonymous_3)
FNDA:0,(anonymous_4)
FNDA:2,(anonymous_5)
FNDA:2,(anonymous_6)
FNDA:0,(anonymous_7)
FNDA:0,(anonymous_8)
FNDA:0,(anonymous_9)
FNDA:0,(anonymous_10)
FNDA:0,(anonymous_11)
FNDA:0,(anonymous_12)
FNDA:0,(anonymous_13)
FNDA:0,(anonymous_14)
FNDA:0,(anonymous_15)
FNDA:0,(anonymous_16)
DA:1,1
DA:2,1
DA:3,1
DA:5,1
DA:7,1
DA:9,1
DA:10,0
DA:12,0
DA:19,0
DA:23,1
DA:24,2
DA:26,2
DA:27,0
DA:29,2
DA:33,0
DA:39,1
DA:40,0
DA:42,0
DA:45,0
DA:49,1
DA:50,0
DA:56,0
DA:59,0
DA:64,1
DA:65,0
DA:71,0
DA:74,0
DA:80,1
LF:28
LH:14
BRDA:26,1,0,0
BRDA:26,1,1,2
BRF:2
BRH:1
end_of_record
